<?xml version="1.0" encoding="UTF-8"?>
<!-- Generated by org.testng.reporters.JUnitReportReporter -->
<testsuite hostname="DESKTOP-NEQUUGG" failures="0" tests="1" name="luma.Filter" time="56.654" errors="0" timestamp="2024-07-16T11:39:18 IST" skipped="0">
  <testcase classname="luma.Filter" name="FilterByCategory" time="56.654"/>
  <system-out/>
</testsuite> <!-- luma.Filter -->
