<?xml version="1.0" encoding="UTF-8"?>
<!-- Generated by org.testng.reporters.JUnitReportReporter -->
<testsuite hostname="DESKTOP-NEQUUGG" failures="0" tests="1" name="luma.ProceedToCheckout" time="69.277" errors="0" timestamp="2024-07-16T10:08:20 IST" skipped="0">
  <testcase classname="luma.ProceedToCheckout" name="verifyProceedToCheckout" time="69.277"/>
  <system-out/>
</testsuite> <!-- luma.ProceedToCheckout -->
