<?xml version="1.0" encoding="UTF-8"?>
<!-- Generated by org.testng.reporters.JUnitReportReporter -->
<testsuite hostname="DESKTOP-NEQUUGG" failures="0" tests="1" name="luma.AddToCard" time="29.730" errors="0" timestamp="2024-07-16T10:59:37 IST" skipped="0">
  <testcase classname="luma.AddToCard" name="AddToCart" time="29.730"/>
  <system-out/>
</testsuite> <!-- luma.AddToCard -->
