<?xml version="1.0" encoding="UTF-8"?>
<!-- Generated by org.testng.reporters.JUnitReportReporter -->
<testsuite hostname="DESKTOP-NEQUUGG" failures="0" tests="1" name="luma.WishListFunctionality" time="32.067" errors="0" timestamp="2024-07-16T13:38:40 IST" skipped="0">
  <testcase classname="luma.WishListFunctionality" name="TestWishlistFunctionality" time="32.067"/>
  <system-out/>
</testsuite> <!-- luma.WishListFunctionality -->
