<?xml version="1.0" encoding="UTF-8"?>
<!-- Generated by org.testng.reporters.JUnitReportReporter -->
<testsuite hostname="DESKTOP-NEQUUGG" failures="0" tests="1" name="luma.SearchBox" time="48.094" errors="0" timestamp="2024-07-16T10:48:59 IST" skipped="0">
  <testcase classname="luma.SearchBox" name="testSearchFunctionality" time="48.094"/>
  <system-out/>
</testsuite> <!-- luma.SearchBox -->
