<?xml version="1.0" encoding="UTF-8"?>
<!-- Generated by org.testng.reporters.JUnitReportReporter -->
<testsuite hostname="DESKTOP-NEQUUGG" failures="0" tests="1" name="luma.SignOut" time="21.631" errors="0" timestamp="2024-07-16T09:30:42 IST" skipped="0">
  <testcase classname="luma.SignOut" name="testSignOut" time="21.631"/>
  <system-out/>
</testsuite> <!-- luma.SignOut -->
