<?xml version="1.0" encoding="UTF-8"?>
<!-- Generated by org.testng.reporters.JUnitReportReporter -->
<testsuite hostname="DESKTOP-NEQUUGG" failures="0" tests="1" name="luma.Size" time="20.238" errors="0" timestamp="2024-07-16T13:45:34 IST" skipped="0">
  <testcase classname="luma.Size" name="VerifyFilterBySize" time="20.238"/>
  <system-out/>
</testsuite> <!-- luma.Size -->
