<?xml version="1.0" encoding="UTF-8"?>
<!-- Generated by org.testng.reporters.JUnitReportReporter -->
<testsuite hostname="DESKTOP-NEQUUGG" failures="0" tests="1" name="luma.RemoveProductFromCard" time="54.477" errors="0" timestamp="2024-07-16T09:45:36 IST" skipped="0">
  <testcase classname="luma.RemoveProductFromCard" name="RemoveProductFromCart" time="54.477"/>
  <system-out/>
</testsuite> <!-- luma.RemoveProductFromCard -->
