<?xml version="1.0" encoding="UTF-8"?>
<!-- Generated by org.testng.reporters.JUnitReportReporter -->
<testsuite hostname="DESKTOP-NEQUUGG" failures="0" tests="2" name="luma.ForgetPassword" time="6.014" errors="0" timestamp="2024-07-16T09:32:28 IST" skipped="0">
  <testcase classname="luma.ForgetPassword" name="forgotpassword" time="2.024"/>
  <system-out/>
  <testcase classname="luma.ForgetPassword" name="entermailid" time="3.990"/>
  <system-out/>
</testsuite> <!-- luma.ForgetPassword -->
