<?xml version="1.0" encoding="UTF-8"?>
<!-- Generated by org.testng.reporters.JUnitReportReporter -->
<testsuite hostname="DESKTOP-NEQUUGG" failures="0" tests="1" name="luma.IncorrectEmailIdPw" time="2.551" errors="0" timestamp="2024-07-16T09:34:37 IST" skipped="0">
  <testcase classname="luma.IncorrectEmailIdPw" name="testlogin" time="2.551"/>
  <system-out/>
</testsuite> <!-- luma.IncorrectEmailIdPw -->
