<?xml version="1.0" encoding="UTF-8"?>
<!-- Generated by org.testng.reporters.JUnitReportReporter -->
<testsuite hostname="DESKTOP-NEQUUGG" failures="0" tests="1" name="luma.color" time="17.745" errors="0" timestamp="2024-07-16T13:43:52 IST" skipped="0">
  <testcase classname="luma.color" name="VerifyFilterByColor" time="17.745"/>
  <system-out/>
</testsuite> <!-- luma.color -->
