<?xml version="1.0" encoding="UTF-8"?>
<!-- Generated by org.testng.reporters.JUnitReportReporter -->
<testsuite hostname="DESKTOP-NEQUUGG" failures="0" tests="1" name="luma.ProductDetails" time="13.757" errors="0" timestamp="2024-07-16T13:41:16 IST" skipped="0">
  <testcase classname="luma.ProductDetails" name="VerifyProductDetailsPage" time="13.757"/>
  <system-out/>
</testsuite> <!-- luma.ProductDetails -->
