<?xml version="1.0" encoding="UTF-8"?>
<!-- Generated by org.testng.reporters.JUnitReportReporter -->
<testsuite hostname="DESKTOP-NEQUUGG" failures="0" tests="3" name="luma.SortedBy" time="9.823" errors="0" timestamp="2024-07-16T09:36:24 IST" skipped="0">
  <testcase classname="luma.SortedBy" name="womendropdown" time="5.477"/>
  <system-out/>
  <testcase classname="luma.SortedBy" name="sortByProductName" time="2.861"/>
  <system-out/>
  <testcase classname="luma.SortedBy" name="backTohomePage" time="1.485"/>
  <system-out/>
</testsuite> <!-- luma.SortedBy -->
