<?xml version="1.0" encoding="UTF-8"?>
<!-- Generated by org.testng.reporters.JUnitReportReporter -->
<testsuite hostname="DESKTOP-NEQUUGG" failures="0" tests="2" name="luma.ExistingEmailId" time="16.887" errors="0" timestamp="2024-07-16T09:27:25 IST" skipped="0">
  <testcase classname="luma.ExistingEmailId" name="verifyURL" time="0.032"/>
  <system-out/>
  <testcase classname="luma.ExistingEmailId" name="createAccountPageTest" time="16.855"/>
  <system-out/>
</testsuite> <!-- luma.ExistingEmailId -->
