<?xml version="1.0" encoding="UTF-8"?>
<!-- Generated by org.testng.reporters.JUnitReportReporter -->
<testsuite hostname="DESKTOP-NEQUUGG" failures="0" tests="1" name="luma.FilterCatergory" time="11.632" errors="0" timestamp="2024-07-16T13:48:49 IST" skipped="0">
  <testcase classname="luma.FilterCatergory" name="VerifyProductDetailsPage" time="11.632"/>
  <system-out/>
</testsuite> <!-- luma.FilterCatergory -->
