<?xml version="1.0" encoding="UTF-8"?>
<!-- Generated by org.testng.reporters.JUnitReportReporter -->
<testsuite hostname="DESKTOP-NEQUUGG" failures="0" tests="1" name="luma.ViewCard" time="62.687" errors="0" timestamp="2024-07-16T09:42:20 IST" skipped="0">
  <testcase classname="luma.ViewCard" name="ViewCartTest" time="62.687"/>
  <system-out/>
</testsuite> <!-- luma.ViewCard -->
