<?xml version="1.0" encoding="UTF-8"?>
<!-- Generated by org.testng.reporters.JUnitReportReporter -->
<testsuite hostname="DESKTOP-NEQUUGG" failures="0" tests="1" name="luma.CreateAccount" time="21.060" errors="0" timestamp="2024-07-16T09:29:04 IST" skipped="0">
  <testcase classname="luma.CreateAccount" name="testCreateAccount" time="21.060"/>
  <system-out/>
</testsuite> <!-- luma.CreateAccount -->
